<?xml version="1.0" encoding="UTF-8"?>
<!-- Generated by org.testng.reporters.JUnitReportReporter -->
<testsuite skipped="0" hostname="ChethanBidare-pc" name="com.c2info.RMS_RequestApproverTCs.TC004_VerifyNewRequestStatusInApprovalPage" tests="1" failures="0" timestamp="20 Jun 2018 04:52:11 GMT" time="63.484" errors="0">
  <testcase name="verifyStatusInApprovalPage" time="63.484" classname="com.c2info.RMS_RequestApproverTCs.TC004_VerifyNewRequestStatusInApprovalPage"/>
</testsuite> <!-- com.c2info.RMS_RequestApproverTCs.TC004_VerifyNewRequestStatusInApprovalPage -->
