<?xml version="1.0" encoding="UTF-8"?>
<!-- Generated by org.testng.reporters.JUnitReportReporter -->
<testsuite skipped="0" hostname="ChethanBidare-pc" name="com.c2info.RMS_HomePageTCs.TC_002_Check" tests="1" failures="0" timestamp="13 Jun 2018 06:35:28 GMT" time="11.032" errors="0">
  <testcase name="check" time="11.032" classname="com.c2info.RMS_HomePageTCs.TC_002_Check"/>
</testsuite> <!-- com.c2info.RMS_HomePageTCs.TC_002_Check -->
