<?xml version="1.0" encoding="UTF-8"?>
<!-- Generated by org.testng.reporters.JUnitReportReporter -->
<testsuite skipped="0" hostname="ChethanBidare-pc" name="com.c2info.RMS_HomePageTCs.TC_008_VerifyBrokenLinks" tests="1" failures="0" timestamp="26 Jun 2018 07:32:42 GMT" time="9.609" errors="0">
  <testcase name="verifyBrokenLinks" time="9.609" classname="com.c2info.RMS_HomePageTCs.TC_008_VerifyBrokenLinks"/>
</testsuite> <!-- com.c2info.RMS_HomePageTCs.TC_008_VerifyBrokenLinks -->
