<?xml version="1.0" encoding="UTF-8"?>
<!-- Generated by org.testng.reporters.JUnitReportReporter -->
<testsuite skipped="0" hostname="ChethanBidare-pc" name="com.c2info.RMS_HomePage.TC_005_VerifySearchForItemName" tests="2" failures="0" timestamp="11 Apr 2018 10:16:34 GMT" time="8.792" errors="0">
  <testcase name="verifyItemSearchInGridViewForMyRequest" time="4.172" classname="com.c2info.RMS_HomePage.TC_005_VerifySearchForItemName"/>
  <testcase name="verifyItemSearchInListViewForMyRequest" time="4.620" classname="com.c2info.RMS_HomePage.TC_005_VerifySearchForItemName"/>
</testsuite> <!-- com.c2info.RMS_HomePage.TC_005_VerifySearchForItemName -->
