<?xml version="1.0" encoding="UTF-8"?>
<!-- Generated by org.testng.reporters.JUnitReportReporter -->
<testsuite skipped="0" hostname="ChethanBidare-pc" name="com.c2info.RMS_NewRequestTCs.TC001_VerifyNewRequestFunctionailtyForSingleProduct" tests="1" failures="0" timestamp="26 Jun 2018 07:32:42 GMT" time="47.400" errors="0">
  <testcase name="verifyNewRequestFunctionality" time="47.400" classname="com.c2info.RMS_NewRequestTCs.TC001_VerifyNewRequestFunctionailtyForSingleProduct"/>
</testsuite> <!-- com.c2info.RMS_NewRequestTCs.TC001_VerifyNewRequestFunctionailtyForSingleProduct -->
