<?xml version="1.0" encoding="UTF-8"?>
<!-- Generated by org.testng.reporters.JUnitReportReporter -->
<testsuite skipped="0" hostname="ChethanBidare-pc" name="com.c2info.RMS_NewRequestTCs.TC007_VerifyNewRequestStatusInRequestorPage" tests="1" failures="0" timestamp="26 Jun 2018 07:32:42 GMT" time="64.685" errors="0">
  <testcase name="verifyNewRequestStatus" time="64.685" classname="com.c2info.RMS_NewRequestTCs.TC007_VerifyNewRequestStatusInRequestorPage"/>
</testsuite> <!-- com.c2info.RMS_NewRequestTCs.TC007_VerifyNewRequestStatusInRequestorPage -->
