<?xml version="1.0" encoding="UTF-8"?>
<!-- Generated by org.testng.reporters.JUnitReportReporter -->
<testsuite skipped="0" hostname="ChethanBidare-pc" name="com.c2info.RMS_DeskConfirmerTCs.TC001_VerifyDeskConfimationApprovalLink" tests="1" failures="0" timestamp="13 Jun 2018 06:45:33 GMT" time="5.985" errors="0">
  <testcase name="verifyDeskConfirmationLink" time="5.985" classname="com.c2info.RMS_DeskConfirmerTCs.TC001_VerifyDeskConfimationApprovalLink"/>
</testsuite> <!-- com.c2info.RMS_DeskConfirmerTCs.TC001_VerifyDeskConfimationApprovalLink -->
