<?xml version="1.0" encoding="UTF-8"?>
<!-- Generated by org.testng.reporters.JUnitReportReporter -->
<testsuite skipped="0" hostname="ChethanBidare-pc" name="com.c2info.RMS_HomePageTCs.TC_002_Check" tests="1" failures="0" timestamp="19 Jun 2018 10:14:18 GMT" time="23.063" errors="0">
  <testcase name="check" time="23.063" classname="com.c2info.RMS_HomePageTCs.TC_002_Check"/>
</testsuite> <!-- com.c2info.RMS_HomePageTCs.TC_002_Check -->
