<?xml version="1.0" encoding="UTF-8"?>
<!-- Generated by org.testng.reporters.JUnitReportReporter -->
<testsuite skipped="0" hostname="ChethanBidare-pc" name="com.c2info.RMS_HomePage.TC_003_VerifySortingFunctionality" tests="2" failures="0" timestamp="11 Apr 2018 04:47:08 GMT" time="56.838" errors="0">
  <testcase name="verifySortingAscending" time="29.996" classname="com.c2info.RMS_HomePage.TC_003_VerifySortingFunctionality"/>
  <testcase name="verifySortingDescending" time="26.842" classname="com.c2info.RMS_HomePage.TC_003_VerifySortingFunctionality"/>
</testsuite> <!-- com.c2info.RMS_HomePage.TC_003_VerifySortingFunctionality -->
