<?xml version="1.0" encoding="UTF-8"?>
<!-- Generated by org.testng.reporters.JUnitReportReporter -->
<testsuite skipped="0" hostname="ChethanBidare-pc" name="com.c2info.RMS_POGeneratorTCs.TC001_VerifyPOGenerationFunctionality" tests="1" failures="0" timestamp="14 Jun 2018 08:57:25 GMT" time="292.410" errors="0">
  <testcase name="verifyUptoCostCenterApprovalFunctionality" time="292.410" classname="com.c2info.RMS_POGeneratorTCs.TC001_VerifyPOGenerationFunctionality"/>
</testsuite> <!-- com.c2info.RMS_POGeneratorTCs.TC001_VerifyPOGenerationFunctionality -->
