<?xml version="1.0" encoding="UTF-8"?>
<!-- Generated by org.testng.reporters.JUnitReportReporter -->
<testsuite skipped="0" hostname="ChethanBidare-pc" name="com.c2info.RMS_NewRequestTCs.TC008_VerifyApprovalStatusInRequestorLogin" tests="1" failures="0" timestamp="20 Jun 2018 06:03:18 GMT" time="108.574" errors="0">
  <testcase name="verifyStatusInDeskPage" time="108.574" classname="com.c2info.RMS_NewRequestTCs.TC008_VerifyApprovalStatusInRequestorLogin"/>
</testsuite> <!-- com.c2info.RMS_NewRequestTCs.TC008_VerifyApprovalStatusInRequestorLogin -->
