<?xml version="1.0" encoding="UTF-8"?>
<!-- Generated by org.testng.reporters.JUnitReportReporter -->
<testsuite skipped="0" hostname="ChethanBidare-pc" name="com.c2info.RMS_HomePage.TC_003_VerifySortingFunctionalityInGridView" tests="2" failures="0" timestamp="11 Apr 2018 08:20:08 GMT" time="15.643" errors="0">
  <testcase name="verifySortAscendingInGridView" time="8.477" classname="com.c2info.RMS_HomePage.TC_003_VerifySortingFunctionalityInGridView"/>
  <testcase name="verifySortDescendingInGridView" time="7.166" classname="com.c2info.RMS_HomePage.TC_003_VerifySortingFunctionalityInGridView"/>
</testsuite> <!-- com.c2info.RMS_HomePage.TC_003_VerifySortingFunctionalityInGridView -->
