<?xml version="1.0" encoding="UTF-8"?>
<!-- Generated by org.testng.reporters.JUnitReportReporter -->
<testsuite skipped="0" hostname="ChethanBidare-pc" name="com.c2info.RMS_DeskConfirmerTCs.TC002_VerifyDeskConfirmationFunctionality" tests="1" failures="0" timestamp="13 Jun 2018 11:11:06 GMT" time="160.417" errors="0">
  <testcase name="verifyDeskConfirmationFunctionality" time="160.417" classname="com.c2info.RMS_DeskConfirmerTCs.TC002_VerifyDeskConfirmationFunctionality"/>
</testsuite> <!-- com.c2info.RMS_DeskConfirmerTCs.TC002_VerifyDeskConfirmationFunctionality -->
