<?xml version="1.0" encoding="UTF-8"?>
<!-- Generated by org.testng.reporters.JUnitReportReporter -->
<testsuite skipped="0" hostname="ChethanBidare-pc" name="com.c2info.RMS_HomePage.TC_001_VerifyLoginLogOut" tests="2" failures="0" timestamp="10 Apr 2018 06:36:23 GMT" time="2.043" errors="0">
  <testcase name="verifyLogin" time="1.277" classname="com.c2info.RMS_HomePage.TC_001_VerifyLoginLogOut"/>
  <testcase name="verifyLogOut" time="0.766" classname="com.c2info.RMS_HomePage.TC_001_VerifyLoginLogOut"/>
</testsuite> <!-- com.c2info.RMS_HomePage.TC_001_VerifyLoginLogOut -->
