<?xml version="1.0" encoding="UTF-8"?>
<!-- Generated by org.testng.reporters.JUnitReportReporter -->
<testsuite skipped="0" hostname="ChethanBidare-pc" name="com.c2info.RMS_NewRequestTCs.TC007_VerifyNewRequestStatusInRequestorPage" tests="1" failures="0" timestamp="19 Jun 2018 10:21:43 GMT" time="57.146" errors="0">
  <testcase name="verifyNewRequestStatus" time="57.146" classname="com.c2info.RMS_NewRequestTCs.TC007_VerifyNewRequestStatusInRequestorPage"/>
</testsuite> <!-- com.c2info.RMS_NewRequestTCs.TC007_VerifyNewRequestStatusInRequestorPage -->
