<?xml version="1.0" encoding="UTF-8"?>
<!-- Generated by org.testng.reporters.JUnitReportReporter -->
<testsuite skipped="0" hostname="ChethanBidare-pc" name="com.c2info.RMS_NewRequestTCs.TC002_VerifyByAddingItemsInRequest" tests="1" failures="0" timestamp="11 Jun 2018 09:54:20 GMT" time="16.714" errors="0">
  <testcase name="verifyAddingItems" time="16.714" classname="com.c2info.RMS_NewRequestTCs.TC002_VerifyByAddingItemsInRequest"/>
</testsuite> <!-- com.c2info.RMS_NewRequestTCs.TC002_VerifyByAddingItemsInRequest -->
