<?xml version="1.0" encoding="UTF-8"?>
<!-- Generated by org.testng.reporters.JUnitReportReporter -->
<testsuite skipped="0" hostname="ChethanBidare-pc" name="com.c2info.RMS_FinancialApproverTCs.TC001_VerifyUptoFinancialApprovalPage" tests="1" failures="0" timestamp="14 Jun 2018 05:00:31 GMT" time="239.023" errors="0">
  <testcase name="verifyUptoCostCenterApprovalFunctionality" time="239.023" classname="com.c2info.RMS_FinancialApproverTCs.TC001_VerifyUptoFinancialApprovalPage"/>
</testsuite> <!-- com.c2info.RMS_FinancialApproverTCs.TC001_VerifyUptoFinancialApprovalPage -->
