<?xml version="1.0" encoding="UTF-8"?>
<!-- Generated by org.testng.reporters.JUnitReportReporter -->
<testsuite skipped="0" hostname="ChethanBidare-pc" name="com.c2info.RMS_FinancialApproverTCs.TC003_VerifyNewRequestStatusInFinancialPage" tests="1" failures="0" timestamp="20 Jun 2018 08:42:49 GMT" time="180.559" errors="0">
  <testcase name="verifyStatusInFinancialPage" time="180.559" classname="com.c2info.RMS_FinancialApproverTCs.TC003_VerifyNewRequestStatusInFinancialPage"/>
</testsuite> <!-- com.c2info.RMS_FinancialApproverTCs.TC003_VerifyNewRequestStatusInFinancialPage -->
