<?xml version="1.0" encoding="UTF-8"?>
<!-- Generated by org.testng.reporters.JUnitReportReporter -->
<testsuite skipped="0" hostname="ChethanBidare-pc" name="com.c2info.RMS_RequestApproverTCs.TC003_VerifyItemName_Qty_Price_InApprovalPage" tests="1" failures="0" timestamp="27 Jun 2018 07:06:09 GMT" time="52.187" errors="0">
  <testcase name="VerifyItemName_Qty_Price_InApprovalPage" time="52.187" classname="com.c2info.RMS_RequestApproverTCs.TC003_VerifyItemName_Qty_Price_InApprovalPage"/>
</testsuite> <!-- com.c2info.RMS_RequestApproverTCs.TC003_VerifyItemName_Qty_Price_InApprovalPage -->
