<?xml version="1.0" encoding="UTF-8"?>
<!-- Generated by org.testng.reporters.JUnitReportReporter -->
<testsuite skipped="0" hostname="ChethanBidare-pc" name="com.c2info.RMS_HomePage.TC_002_Check" tests="1" failures="0" timestamp="11 Apr 2018 11:56:15 GMT" time="5.877" errors="0">
  <testcase name="check" time="5.877" classname="com.c2info.RMS_HomePage.TC_002_Check"/>
</testsuite> <!-- com.c2info.RMS_HomePage.TC_002_Check -->
