<?xml version="1.0" encoding="UTF-8"?>
<!-- Generated by org.testng.reporters.JUnitReportReporter -->
<testsuite skipped="0" hostname="ChethanBidare-pc" name="com.c2info.RMS_NewRequestTCs.TC009_VerifyRateConfirmationStatusInRequestorLogin" tests="1" failures="0" timestamp="27 Jun 2018 07:06:09 GMT" time="160.414" errors="0">
  <testcase name="verifyStatusInRequestorLoginPage" time="160.414" classname="com.c2info.RMS_NewRequestTCs.TC009_VerifyRateConfirmationStatusInRequestorLogin"/>
</testsuite> <!-- com.c2info.RMS_NewRequestTCs.TC009_VerifyRateConfirmationStatusInRequestorLogin -->
