<?xml version="1.0" encoding="UTF-8"?>
<!-- Generated by org.testng.reporters.JUnitReportReporter -->
<testsuite skipped="1" hostname="ChethanBidare-pc" name="com.c2info.RMS_HomePageTCs.TC_001_VerifyLoginLogOut" tests="3" failures="0" timestamp="04 Jul 2018 05:14:57 GMT" time="0.108" errors="2">
  <testcase name="afterMethod" time="0.003" classname="com.c2info.RMS_HomePageTCs.TC_001_VerifyLoginLogOut">
    <error type="java.lang.ClassCastException" message="org.openqa.selenium.htmlunit.HtmlUnitDriver cannot be cast to org.openqa.selenium.TakesScreenshot">
      <![CDATA[java.lang.ClassCastException: org.openqa.selenium.htmlunit.HtmlUnitDriver cannot be cast to org.openqa.selenium.TakesScreenshot
	at com.c2info.RMS_TestBase.TestBase.getScreenshot(TestBase.java:151)
	at com.c2info.RMS_TestBase.TestBase.getResult(TestBase.java:248)
	at com.c2info.RMS_TestBase.TestBase.afterMethod(TestBase.java:269)
	at sun.reflect.NativeMethodAccessorImpl.invoke0(Native Method)
	at sun.reflect.NativeMethodAccessorImpl.invoke(NativeMethodAccessorImpl.java:62)
	at sun.reflect.DelegatingMethodAccessorImpl.invoke(DelegatingMethodAccessorImpl.java:43)
	at java.lang.reflect.Method.invoke(Method.java:498)
	at org.testng.internal.MethodInvocationHelper.invokeMethod(MethodInvocationHelper.java:108)
	at org.testng.internal.Invoker.invokeConfigurationMethod(Invoker.java:523)
	at org.testng.internal.Invoker.invokeConfigurations(Invoker.java:224)
	at org.testng.internal.Invoker.invokeMethod(Invoker.java:731)
	at org.testng.internal.Invoker.invokeTestMethod(Invoker.java:877)
	at org.testng.internal.Invoker.invokeTestMethods(Invoker.java:1201)
	at org.testng.internal.TestMethodWorker.invokeTestMethods(TestMethodWorker.java:125)
	at org.testng.internal.TestMethodWorker.run(TestMethodWorker.java:109)
	at org.testng.TestRunner.privateRun(TestRunner.java:776)
	at org.testng.TestRunner.run(TestRunner.java:634)
	at org.testng.SuiteRunner.runTest(SuiteRunner.java:425)
	at org.testng.SuiteRunner.runSequentially(SuiteRunner.java:420)
	at org.testng.SuiteRunner.privateRun(SuiteRunner.java:385)
	at org.testng.SuiteRunner.run(SuiteRunner.java:334)
	at org.testng.SuiteRunnerWorker.runSuite(SuiteRunnerWorker.java:52)
	at org.testng.SuiteRunnerWorker.run(SuiteRunnerWorker.java:86)
	at org.testng.TestNG.runSuitesSequentially(TestNG.java:1318)
	at org.testng.TestNG.runSuitesLocally(TestNG.java:1243)
	at org.testng.TestNG.runSuites(TestNG.java:1161)
	at org.testng.TestNG.run(TestNG.java:1129)
	at org.testng.remote.AbstractRemoteTestNG.run(AbstractRemoteTestNG.java:114)
	at org.testng.remote.RemoteTestNG.initAndRun(RemoteTestNG.java:251)
	at org.testng.remote.RemoteTestNG.main(RemoteTestNG.java:77)
]]>
    </error>
  </testcase> <!-- afterMethod -->
  <testcase name="verifyLogin" time="0.105" classname="com.c2info.RMS_HomePageTCs.TC_001_VerifyLoginLogOut">
    <error type="java.lang.ClassCastException" message="com.gargoylesoftware.htmlunit.html.HtmlPage cannot be cast to com.gargoylesoftware.htmlunit.InteractivePage">
      <![CDATA[java.lang.ClassCastException: com.gargoylesoftware.htmlunit.html.HtmlPage cannot be cast to com.gargoylesoftware.htmlunit.InteractivePage
	at org.openqa.selenium.htmlunit.HtmlUnitDriver$HtmlUnitTargetLocator.activeElement(HtmlUnitDriver.java:1326)
	at org.openqa.selenium.htmlunit.HtmlUnitWebElement.switchFocusToThisIfNeeded(HtmlUnitWebElement.java:292)
	at org.openqa.selenium.htmlunit.HtmlUnitWebElement.sendKeys(HtmlUnitWebElement.java:330)
	at sun.reflect.NativeMethodAccessorImpl.invoke0(Native Method)
	at sun.reflect.NativeMethodAccessorImpl.invoke(NativeMethodAccessorImpl.java:62)
	at sun.reflect.DelegatingMethodAccessorImpl.invoke(DelegatingMethodAccessorImpl.java:43)
	at java.lang.reflect.Method.invoke(Method.java:498)
	at org.openqa.selenium.support.pagefactory.internal.LocatingElementHandler.invoke(LocatingElementHandler.java:51)
	at com.sun.proxy.$Proxy21.sendKeys(Unknown Source)
	at com.c2info.RMS_UIActions.HomePage.doLogin(HomePage.java:77)
	at com.c2info.RMS_HomePageTCs.TC_001_VerifyLoginLogOut.verifyLogin(TC_001_VerifyLoginLogOut.java:29)
	at sun.reflect.NativeMethodAccessorImpl.invoke0(Native Method)
	at sun.reflect.NativeMethodAccessorImpl.invoke(NativeMethodAccessorImpl.java:62)
	at sun.reflect.DelegatingMethodAccessorImpl.invoke(DelegatingMethodAccessorImpl.java:43)
	at java.lang.reflect.Method.invoke(Method.java:498)
	at org.testng.internal.MethodInvocationHelper.invokeMethod(MethodInvocationHelper.java:108)
	at org.testng.internal.Invoker.invokeMethod(Invoker.java:669)
	at org.testng.internal.Invoker.invokeTestMethod(Invoker.java:877)
	at org.testng.internal.Invoker.invokeTestMethods(Invoker.java:1201)
	at org.testng.internal.TestMethodWorker.invokeTestMethods(TestMethodWorker.java:125)
	at org.testng.internal.TestMethodWorker.run(TestMethodWorker.java:109)
	at org.testng.TestRunner.privateRun(TestRunner.java:776)
	at org.testng.TestRunner.run(TestRunner.java:634)
	at org.testng.SuiteRunner.runTest(SuiteRunner.java:425)
	at org.testng.SuiteRunner.runSequentially(SuiteRunner.java:420)
	at org.testng.SuiteRunner.privateRun(SuiteRunner.java:385)
	at org.testng.SuiteRunner.run(SuiteRunner.java:334)
	at org.testng.SuiteRunnerWorker.runSuite(SuiteRunnerWorker.java:52)
	at org.testng.SuiteRunnerWorker.run(SuiteRunnerWorker.java:86)
	at org.testng.TestNG.runSuitesSequentially(TestNG.java:1318)
	at org.testng.TestNG.runSuitesLocally(TestNG.java:1243)
	at org.testng.TestNG.runSuites(TestNG.java:1161)
	at org.testng.TestNG.run(TestNG.java:1129)
	at org.testng.remote.AbstractRemoteTestNG.run(AbstractRemoteTestNG.java:114)
	at org.testng.remote.RemoteTestNG.initAndRun(RemoteTestNG.java:251)
	at org.testng.remote.RemoteTestNG.main(RemoteTestNG.java:77)
]]>
    </error>
  </testcase> <!-- verifyLogin -->
  <testcase name="verifyLogOut" time="0.000" classname="com.c2info.RMS_HomePageTCs.TC_001_VerifyLoginLogOut">
    <skipped/>
  </testcase> <!-- verifyLogOut -->
</testsuite> <!-- com.c2info.RMS_HomePageTCs.TC_001_VerifyLoginLogOut -->
