<?xml version="1.0" encoding="UTF-8"?>
<!-- Generated by org.testng.reporters.JUnitReportReporter -->
<testsuite skipped="0" hostname="ChethanBidare-pc" name="com.c2info.RMS_HomePageTCs.TC_007_VerifyGridAndListButtonFunctionality" tests="1" failures="0" timestamp="26 Jun 2018 07:32:42 GMT" time="2.197" errors="0">
  <testcase name="verifyListViewButtonFunctionality" time="2.197" classname="com.c2info.RMS_HomePageTCs.TC_007_VerifyGridAndListButtonFunctionality"/>
</testsuite> <!-- com.c2info.RMS_HomePageTCs.TC_007_VerifyGridAndListButtonFunctionality -->
