<?xml version="1.0" encoding="UTF-8"?>
<!-- Generated by org.testng.reporters.JUnitReportReporter -->
<testsuite skipped="0" hostname="ChethanBidare-pc" name="com.c2info.RMS_NewRequestTCs.TC005_VerifyPriceField" tests="1" failures="0" timestamp="26 Jun 2018 07:32:42 GMT" time="17.978" errors="0">
  <testcase name="verifyPriceField" time="17.978" classname="com.c2info.RMS_NewRequestTCs.TC005_VerifyPriceField"/>
</testsuite> <!-- com.c2info.RMS_NewRequestTCs.TC005_VerifyPriceField -->
