<?xml version="1.0" encoding="UTF-8"?>
<!-- Generated by org.testng.reporters.JUnitReportReporter -->
<testsuite skipped="0" hostname="ChethanBidare-pc" name="com.c2info.RMS_HomePageTCs.TC_001_VerifyLoginLogOut" tests="2" failures="0" timestamp="20 Jul 2018 06:15:05 GMT" time="5.935" errors="0">
  <testcase name="verifyLogOut" time="1.136" classname="com.c2info.RMS_HomePageTCs.TC_001_VerifyLoginLogOut"/>
  <testcase name="verifyLogin" time="4.799" classname="com.c2info.RMS_HomePageTCs.TC_001_VerifyLoginLogOut"/>
</testsuite> <!-- com.c2info.RMS_HomePageTCs.TC_001_VerifyLoginLogOut -->
