<?xml version="1.0" encoding="UTF-8"?>
<!-- Generated by org.testng.reporters.JUnitReportReporter -->
<testsuite skipped="0" hostname="ChethanBidare-pc" name="com.c2info.RMS_HomePage.TC_001_VerifyLogin" tests="1" failures="0" timestamp="10 Apr 2018 04:49:29 GMT" time="1.494" errors="0">
  <testcase name="verifyLogin" time="1.494" classname="com.c2info.RMS_HomePage.TC_001_VerifyLogin"/>
</testsuite> <!-- com.c2info.RMS_HomePage.TC_001_VerifyLogin -->
