<?xml version="1.0" encoding="UTF-8"?>
<!-- Generated by org.testng.reporters.JUnitReportReporter -->
<testsuite skipped="0" hostname="ChethanBidare-pc" name="com.c2info.RMS_HomePage.TC_006_VerifySearchForEmployeeName" tests="2" failures="0" timestamp="11 Apr 2018 12:16:10 GMT" time="12.088" errors="0">
  <testcase name="verifyEmployeeSearchInGridView" time="5.882" classname="com.c2info.RMS_HomePage.TC_006_VerifySearchForEmployeeName"/>
  <testcase name="verifyEmployeeSearchInListView" time="6.206" classname="com.c2info.RMS_HomePage.TC_006_VerifySearchForEmployeeName"/>
</testsuite> <!-- com.c2info.RMS_HomePage.TC_006_VerifySearchForEmployeeName -->
