<?xml version="1.0" encoding="UTF-8"?>
<!-- Generated by org.testng.reporters.JUnitReportReporter -->
<testsuite skipped="0" hostname="ChethanBidare-pc" name="com.c2info.RMS_NewRequestTCs.TC001_VerifyNewRequestFunctionailtyForSingleProduct" tests="1" failures="0" timestamp="27 Jun 2018 07:06:09 GMT" time="43.061" errors="0">
  <testcase name="verifyNewRequestFunctionality" time="43.061" classname="com.c2info.RMS_NewRequestTCs.TC001_VerifyNewRequestFunctionailtyForSingleProduct"/>
</testsuite> <!-- com.c2info.RMS_NewRequestTCs.TC001_VerifyNewRequestFunctionailtyForSingleProduct -->
