<?xml version="1.0" encoding="UTF-8"?>
<!-- Generated by org.testng.reporters.JUnitReportReporter -->
<testsuite skipped="0" hostname="ChethanBidare-pc" name="com.c2info.RMS_NewRequestTCs.TC002_VerifyByAddingItemsInRequest" tests="1" failures="0" timestamp="26 Jun 2018 07:32:42 GMT" time="16.742" errors="0">
  <testcase name="verifyAddingItems" time="16.742" classname="com.c2info.RMS_NewRequestTCs.TC002_VerifyByAddingItemsInRequest"/>
</testsuite> <!-- com.c2info.RMS_NewRequestTCs.TC002_VerifyByAddingItemsInRequest -->
