<?xml version="1.0" encoding="UTF-8"?>
<!-- Generated by org.testng.reporters.JUnitReportReporter -->
<testsuite skipped="0" hostname="ChethanBidare-pc" name="com.c2info.RMS_CostCenterApproverTCs.TC002_VerifyItemDetailsInCostCenterPage" tests="1" failures="0" timestamp="18 Jun 2018 05:08:19 GMT" time="129.217" errors="0">
  <testcase name="verifyItemDetails" time="129.217" classname="com.c2info.RMS_CostCenterApproverTCs.TC002_VerifyItemDetailsInCostCenterPage"/>
</testsuite> <!-- com.c2info.RMS_CostCenterApproverTCs.TC002_VerifyItemDetailsInCostCenterPage -->
