<?xml version="1.0" encoding="UTF-8"?>
<!-- Generated by org.testng.reporters.JUnitReportReporter -->
<testsuite skipped="1" hostname="ChethanBidare-pc" name="com.c2info.RMS_HomePageTCs.TC_004_VerifySortingFunctionalityInListView" tests="1" failures="0" timestamp="26 Jun 2018 07:32:42 GMT" time="0.000" errors="0">
  <testcase name="verifySortAscendingInListView" time="0.000" classname="com.c2info.RMS_HomePageTCs.TC_004_VerifySortingFunctionalityInListView">
    <skipped/>
  </testcase> <!-- verifySortAscendingInListView -->
</testsuite> <!-- com.c2info.RMS_HomePageTCs.TC_004_VerifySortingFunctionalityInListView -->
