<?xml version="1.0" encoding="UTF-8"?>
<!-- Generated by org.testng.reporters.JUnitReportReporter -->
<testsuite skipped="0" hostname="ChethanBidare-pc" name="com.c2info.RMS_FinancialApproverTCs.TC002_VerifyItemDetailsInFinancialPage" tests="1" failures="0" timestamp="18 Jun 2018 06:49:37 GMT" time="157.519" errors="0">
  <testcase name="verifyItemDetails" time="157.519" classname="com.c2info.RMS_FinancialApproverTCs.TC002_VerifyItemDetailsInFinancialPage"/>
</testsuite> <!-- com.c2info.RMS_FinancialApproverTCs.TC002_VerifyItemDetailsInFinancialPage -->
