<?xml version="1.0" encoding="UTF-8"?>
<!-- Generated by org.testng.reporters.JUnitReportReporter -->
<testsuite skipped="0" hostname="ChethanBidare-pc" name="com.c2info.RMS_HomePageTCs.TC_001_VerifyLoginLogOut" tests="2" failures="0" timestamp="26 Jun 2018 08:34:37 GMT" time="10.018" errors="0">
  <testcase name="verifyLogin" time="4.603" classname="com.c2info.RMS_HomePageTCs.TC_001_VerifyLoginLogOut"/>
  <testcase name="verifyLogOut" time="5.415" classname="com.c2info.RMS_HomePageTCs.TC_001_VerifyLoginLogOut"/>
</testsuite> <!-- com.c2info.RMS_HomePageTCs.TC_001_VerifyLoginLogOut -->
