<?xml version="1.0" encoding="UTF-8"?>
<!-- Generated by org.testng.reporters.JUnitReportReporter -->
<testsuite skipped="0" hostname="ChethanBidare-pc" name="com.c2info.RMS_POGeneratorTCs.TC002_VerifyItemDetailsInPOpage" tests="1" failures="0" timestamp="18 Jun 2018 09:15:44 GMT" time="179.145" errors="0">
  <testcase name="verifyItemDetails" time="179.145" classname="com.c2info.RMS_POGeneratorTCs.TC002_VerifyItemDetailsInPOpage"/>
</testsuite> <!-- com.c2info.RMS_POGeneratorTCs.TC002_VerifyItemDetailsInPOpage -->
