<?xml version="1.0" encoding="UTF-8"?>
<!-- Generated by org.testng.reporters.JUnitReportReporter -->
<testsuite skipped="0" hostname="ChethanBidare-pc" name="com.c2info.RMS_DeskConfirmerTCs.TC003_VerifyItemName_Qty_Price_InDeskConfirmPage" tests="1" failures="0" timestamp="26 Jun 2018 07:32:42 GMT" time="84.752" errors="0">
  <testcase name="VerifyItemName_Qty_Price_InApprovalPage" time="84.752" classname="com.c2info.RMS_DeskConfirmerTCs.TC003_VerifyItemName_Qty_Price_InDeskConfirmPage"/>
</testsuite> <!-- com.c2info.RMS_DeskConfirmerTCs.TC003_VerifyItemName_Qty_Price_InDeskConfirmPage -->
