<?xml version="1.0" encoding="UTF-8"?>
<!-- Generated by org.testng.reporters.JUnitReportReporter -->
<testsuite skipped="0" hostname="ChethanBidare-pc" name="com.c2info.RMS_CostCenterApproverTCs.TC001_VerifyUptoCostCenterApprovalFunctionality" tests="1" failures="0" timestamp="13 Jun 2018 12:13:17 GMT" time="184.078" errors="0">
  <testcase name="verifyUptoCostCenterApprovalFunctionality" time="184.078" classname="com.c2info.RMS_CostCenterApproverTCs.TC001_VerifyUptoCostCenterApprovalFunctionality"/>
</testsuite> <!-- com.c2info.RMS_CostCenterApproverTCs.TC001_VerifyUptoCostCenterApprovalFunctionality -->
