<?xml version="1.0" encoding="UTF-8"?>
<!-- Generated by org.testng.reporters.JUnitReportReporter -->
<testsuite skipped="0" hostname="ChethanBidare-pc" name="com.c2info.RMS_HomePageTCs.TC_005_VerifySearchForItemName" tests="2" failures="0" timestamp="26 Jun 2018 08:48:06 GMT" time="51.702" errors="0">
  <testcase name="verifyItemSearchInGridViewForMyRequest" time="26.176" classname="com.c2info.RMS_HomePageTCs.TC_005_VerifySearchForItemName"/>
  <testcase name="verifyItemSearchInListViewForMyRequest" time="25.526" classname="com.c2info.RMS_HomePageTCs.TC_005_VerifySearchForItemName"/>
</testsuite> <!-- com.c2info.RMS_HomePageTCs.TC_005_VerifySearchForItemName -->
