<?xml version="1.0" encoding="UTF-8"?>
<!-- Generated by org.testng.reporters.JUnitReportReporter -->
<testsuite skipped="0" hostname="ChethanBidare-pc" name="com.c2info.RMS_HomePage.TC_003_VerifySortingInAscendingOrder" tests="1" failures="0" timestamp="11 Apr 2018 04:41:31 GMT" time="27.519" errors="0">
  <testcase name="verifySorting" time="27.519" classname="com.c2info.RMS_HomePage.TC_003_VerifySortingInAscendingOrder"/>
</testsuite> <!-- com.c2info.RMS_HomePage.TC_003_VerifySortingInAscendingOrder -->
