<?xml version="1.0" encoding="UTF-8"?>
<!-- Generated by org.testng.reporters.JUnitReportReporter -->
<testsuite skipped="0" hostname="ChethanBidare-pc" name="com.c2info.RMS_NewRequestTCs.TC004_VerifyQtyFieldAfterUpdate" tests="1" failures="0" timestamp="26 Jun 2018 07:32:42 GMT" time="24.632" errors="0">
  <testcase name="verifyQtyIncreaseAfterUpdate" time="24.632" classname="com.c2info.RMS_NewRequestTCs.TC004_VerifyQtyFieldAfterUpdate"/>
</testsuite> <!-- com.c2info.RMS_NewRequestTCs.TC004_VerifyQtyFieldAfterUpdate -->
