<?xml version="1.0" encoding="UTF-8"?>
<!-- Generated by org.testng.reporters.JUnitReportReporter -->
<testsuite skipped="0" hostname="ChethanBidare-pc" name="com.c2info.RMS_NewRequestTCs.TC001_VerifyNewRequestFunctionailtyForSingleProduct" tests="1" failures="0" timestamp="12 Jun 2018 09:57:19 GMT" time="45.380" errors="0">
  <testcase name="verifyNewRequestFunctionality" time="45.380" classname="com.c2info.RMS_NewRequestTCs.TC001_VerifyNewRequestFunctionailtyForSingleProduct"/>
</testsuite> <!-- com.c2info.RMS_NewRequestTCs.TC001_VerifyNewRequestFunctionailtyForSingleProduct -->
