<?xml version="1.0" encoding="UTF-8"?>
<!-- Generated by org.testng.reporters.JUnitReportReporter -->
<testsuite skipped="0" hostname="ChethanBidare-pc" name="com.c2info.RMS_HomePage.TC_004_VerifySortingFunctionalityInListView" tests="2" failures="0" timestamp="11 Apr 2018 08:23:02 GMT" time="10.155" errors="0">
  <testcase name="verifySortAscendingInListView" time="5.278" classname="com.c2info.RMS_HomePage.TC_004_VerifySortingFunctionalityInListView"/>
  <testcase name="verifySortDescendingInListView" time="4.877" classname="com.c2info.RMS_HomePage.TC_004_VerifySortingFunctionalityInListView"/>
</testsuite> <!-- com.c2info.RMS_HomePage.TC_004_VerifySortingFunctionalityInListView -->
