<?xml version="1.0" encoding="UTF-8"?>
<!-- Generated by org.testng.reporters.JUnitReportReporter -->
<testsuite skipped="0" hostname="ChethanBidare-pc" name="com.c2info.RMS_NewRequestTCs.TC004_VerifyQtyFieldAfterUpdate" tests="2" failures="0" timestamp="12 Jun 2018 08:32:50 GMT" time="72.222" errors="0">
  <testcase name="verifyQtyIncreaseAfterUpdate" time="24.471" classname="com.c2info.RMS_NewRequestTCs.TC004_VerifyQtyFieldAfterUpdate"/>
  <testcase name="verifyQtyDecreaseAfterUpdate" time="47.751" classname="com.c2info.RMS_NewRequestTCs.TC004_VerifyQtyFieldAfterUpdate"/>
</testsuite> <!-- com.c2info.RMS_NewRequestTCs.TC004_VerifyQtyFieldAfterUpdate -->
