<?xml version="1.0" encoding="UTF-8"?>
<!-- Generated by org.testng.reporters.JUnitReportReporter -->
<testsuite skipped="0" hostname="ChethanBidare-pc" name="com.c2info.RMS_HomePageTCs.TC_002_Check" tests="1" failures="0" timestamp="15 Jun 2018 11:53:10 GMT" time="10.433" errors="0">
  <testcase name="check" time="10.433" classname="com.c2info.RMS_HomePageTCs.TC_002_Check"/>
</testsuite> <!-- com.c2info.RMS_HomePageTCs.TC_002_Check -->
