<?xml version="1.0" encoding="UTF-8"?>
<!-- Generated by org.testng.reporters.JUnitReportReporter -->
<testsuite skipped="0" hostname="ChethanBidare-pc" name="com.c2info.RMS_HomePageTCs.TC_002_Check" tests="1" failures="0" timestamp="14 Jun 2018 11:26:16 GMT" time="69.699" errors="0">
  <testcase name="check" time="69.699" classname="com.c2info.RMS_HomePageTCs.TC_002_Check"/>
</testsuite> <!-- com.c2info.RMS_HomePageTCs.TC_002_Check -->
